# JRE version: OpenJDK Runtime Environment (12.0.1+12) (build 12.0.1+12)
# Java VM: OpenJDK 64-Bit Server VM (12.0.1+12, mixed mode, sharing, tiered, compressed oops, g1 gc, windows-amd64)
Heap:
 garbage-first heap   total 262144K, used 11641K [0x0000000701e00000, 0x0000000800000000)
  region size 1024K, 5 young (5120K), 5 survivors (5120K)
 Metaspace       used 20375K, capacity 21147K, committed 21296K, reserved 1069056K
  class space    used 2797K, capacity 3120K, committed 3200K, reserved 1048576K
GC Heap History (8 events):
Event: 0.729 GC heap before
{Heap before GC invocations=0 (full 0):
 garbage-first heap   total 262144K, used 24576K [0x0000000701e00000, 0x0000000800000000)
  region size 1024K, 24 young (24576K), 0 survivors (0K)
 Metaspace       used 6627K, capacity 6992K, committed 7168K, reserved 1056768K
  class space    used 844K, capacity 963K, committed 1024K, reserved 1048576K
}
Event: 0.733 GC heap after
{Heap after GC invocations=1 (full 0):
 garbage-first heap   total 262144K, used 6915K [0x0000000701e00000, 0x0000000800000000)
  region size 1024K, 3 young (3072K), 3 survivors (3072K)
 Metaspace       used 6627K, capacity 6992K, committed 7168K, reserved 1056768K
  class space    used 844K, capacity 963K, committed 1024K, reserved 1048576K
}
Event: 0.931 GC heap before
{Heap before GC invocations=1 (full 0):
 garbage-first heap   total 262144K, used 37635K [0x0000000701e00000, 0x0000000800000000)
  region size 1024K, 33 young (33792K), 3 survivors (3072K)
 Metaspace       used 10852K, capacity 11280K, committed 11520K, reserved 1058816K
  class space    used 1546K, capacity 1709K, committed 1792K, reserved 1048576K
}
Event: 0.934 GC heap after
{Heap after GC invocations=2 (full 0):
 garbage-first heap   total 262144K, used 8344K [0x0000000701e00000, 0x0000000800000000)
  region size 1024K, 2 young (2048K), 2 survivors (2048K)
 Metaspace       used 10852K, capacity 11280K, committed 11520K, reserved 1058816K
  class space    used 1546K, capacity 1709K, committed 1792K, reserved 1048576K
}
Event: 1.149 GC heap before
{Heap before GC invocations=2 (full 0):
 garbage-first heap   total 262144K, used 53400K [0x0000000701e00000, 0x0000000800000000)
  region size 1024K, 47 young (48128K), 2 survivors (2048K)
 Metaspace       used 16343K, capacity 16999K, committed 17152K, reserved 1064960K
  class space    used 2243K, capacity 2491K, committed 2560K, reserved 1048576K
}
Event: 1.152 GC heap after
{Heap after GC invocations=3 (full 0):
 garbage-first heap   total 262144K, used 9722K [0x0000000701e00000, 0x0000000800000000)
  region size 1024K, 3 young (3072K), 3 survivors (3072K)
 Metaspace       used 16343K, capacity 16999K, committed 17152K, reserved 1064960K
  class space    used 2243K, capacity 2491K, committed 2560K, reserved 1048576K
}
Event: 1.805 GC heap before
{Heap before GC invocations=3 (full 0):
 garbage-first heap   total 262144K, used 83450K [0x0000000701e00000, 0x0000000800000000)
  region size 1024K, 77 young (78848K), 3 survivors (3072K)
 Metaspace       used 20375K, capacity 21147K, committed 21296K, reserved 1067008K
  class space    used 2797K, capacity 3120K, committed 3200K, reserved 1048576K
}
Event: 1.811 GC heap after
{Heap after GC invocations=4 (full 0):
 garbage-first heap   total 262144K, used 11641K [0x0000000701e00000, 0x0000000800000000)
  region size 1024K, 5 young (5120K), 5 survivors (5120K)
 Metaspace       used 20375K, capacity 21147K, committed 21296K, reserved 1067008K
  class space    used 2797K, capacity 3120K, committed 3200K, reserved 1048576K
}

